1 52.00
2 36.00
3 0.00
4 31684.00
5 3.60
6 284845.30
7 233312.45
8 251442.34
9 270513.64
10 128628.68
11 282803.69
12 275101.66
13 260421.42
14 284359.21
15 216619.96
16 192522.26
17 294709.81
18 181244.50
19 178987.88
20 288263.29
21 272254.52
22 184657.42
23 285045.52
24 268058.26
25 262458.95
26 227992.73
27 305466.66
28 256784.65
29 238980.84
30 294168.65
31 105050.38
32 151242.38
33 279420.82
34 292648.85
35 163849.52
36 231041.77
37 220467.91
38 273545.08
39 167489.26
40 306406.86
41 307717.68
42 214349.84
43 282075.63
44 320115.17
45 210820.52
46 296142.36
47 294320.61
48 277228.78
49 250760.79
50 145996.36
51 229265.71
52 202761.28
53 276949.49
54 223020.06
55 261029.34
56 289724.20
57 214241.93
58 204017.32
59 280446.79
60 36210.76
61 178988.60
62 238678.64
63 209097.14
64 299688.42
65 287475.25
66 283821.99
67 252925.70
68 284906.77
69 288788.99
70 306021.31
71 248596.72
72 213137.59
73 252195.79
74 308052.22
75 274208.27
76 262667.29
77 195361.79
78 257017.92
79 178176.51
80 293954.37
81 195768.41
82 266325.23
83 275949.96
84 253663.85
85 237089.63
86 192243.55
87 256503.05
88 291104.25
89 305817.08
90 317840.14
91 252659.38
92 290905.27
93 288445.68
94 289781.31
95 283972.22
96 281766.57
97 244621.76
98 276402.87
99 237670.89
100 274771.44
101 300504.99
102 281983.92
103 287752.39
104 155216.50
105 249877.41
106 282598.63
107 281399.05
108 284241.04
109 257644.51
110 179159.80
111 234122.45
112 260384.33
113 204359.64
114 258145.97
115 293312.48
116 234432.80
117 238778.35
118 220894.25
119 262313.09
120 257628.82
121 267269.05
122 272602.35
123 288271.11
124 263399.79
125 291796.36
126 108502.86
127 286624.58
128 273967.80
129 245748.09
130 268143.57
131 279359.06
132 280250.07
133 314352.78
134 260910.08
135 274251.43
136 272252.06
137 217359.76
138 223058.84
139 292464.94
140 235022.02
141 276825.21
142 111557.62
143 295840.54
144 265825.42
145 193220.98
146 222317.07
147 300250.74
148 244831.44
149 269606.86
150 115173.32
151 74817.82
152 272603.82
153 245087.04
154 288530.74
155 26772.64
156 303519.72
157 257157.29
158 221263.03
159 277728.28
160 282837.59
161 302110.56
162 249690.89
163 275426.62
164 248368.99
165 225099.28
166 284479.13
167 302833.23
168 294536.32
169 300977.58
170 216546.07
171 269862.83
172 278283.54
173 204152.24
174 281242.51
175 268231.59
176 173368.15
177 52606.30
178 265155.65
179 210333.84
180 277874.15
181 268243.82
182 262115.71
183 274139.65
184 273086.05
185 284671.47
186 184646.95
187 322280.32
188 221817.56
189 212647.53
190 238016.56
191 240689.15
192 265634.40
193 259242.64
194 260996.32
195 260843.09
196 273109.20
197 103405.78
198 270925.54
199 294300.81
200 190244.28
201 265611.09
202 282395.41
203 92416.00
204 218462.59
205 254539.60
206 249027.95
207 164067.65
208 281673.95
209 265937.24
210 216694.60
211 273167.95
212 272079.72
213 239497.34
214 292133.22
215 263538.86
216 241501.52
217 267951.48
218 294185.64
219 203430.66
220 299939.14
221 258767.03
222 263289.07
223 242480.76
224 234800.25
225 236559.89
226 239736.37
227 294643.24
228 215118.07
229 289724.04
230 274640.74
231 227408.03
232 280510.91
233 294402.06
234 282642.69
235 261021.50
236 257119.76
237 196605.67
238 222820.08
239 304588.20
240 258232.95
241 269862.64
242 231978.75
243 238980.20
244 182970.79
245 80542.44
246 301073.21
247 233853.30
248 272937.39
249 172140.88
250 301242.89
251 285735.91
252 261666.29
253 285414.68
254 254601.57
255 218142.41
256 288515.30
257 253388.48
258 276972.93
259 278437.61
260 279814.63
261 278338.77
262 307201.84
263 276765.26
264 46869.25
265 294736.53
266 279133.98
267 277175.85
268 275638.86
269 280987.98
270 285543.08
271 252579.65
272 223279.74
273 218890.25
274 303822.24
275 283756.93
276 232840.75
277 161335.74
278 152866.04
279 270892.63
280 104070.76
281 214178.95
282 228194.10
283 179033.80
284 266878.46
285 285035.38
286 303463.40
287 140504.49
288 196925.38
289 250721.19
290 228823.68
291 275022.21
292 294863.64
293 220059.59
294 242114.85
295 204042.55
296 263486.30
297 199471.44
298 218013.02
299 291690.06
300 289630.89
301 206266.99
302 260332.43
303 228439.52
304 274184.79
305 249602.79
306 76065.64
307 234091.99
308 212850.28
309 126412.11
310 271028.78
311 226736.22
312 279569.78
313 283590.92
314 277626.53
315 292951.64
316 270480.93
317 278144.95
318 278746.41
319 273993.55
320 293381.59
321 278456.94
322 283289.19
323 287315.32
324 248269.57
325 273702.75
326 279225.14
327 283557.89
328 251329.88
329 318510.18
330 262360.78
331 191403.64
332 295529.61
333 260388.36
334 256549.85
335 268283.55
336 245849.66
337 214295.79
338 248354.90
339 277735.84
340 277783.67
341 276024.45
342 209588.74
343 255303.66
344 275929.52
345 276171.32
346 257378.03
347 281049.89
348 286800.85
349 282720.38
350 292189.39
351 244120.34
352 247949.46
353 248223.85
354 150782.80
355 265261.57
356 298908.24
357 263739.63
358 206828.55
359 195136.46
360 288047.34
361 279386.30
362 270838.31
363 281653.23
364 255896.70
365 80788.15
366 252904.05
367 244288.43
368 285224.32
369 287502.71
370 280714.90
371 173077.08
372 264582.59
373 273748.17
374 179630.35
375 278524.77
376 243294.37
377 198057.09
378 276840.82
379 273375.04
380 257726.25
381 284648.80
382 291316.06
383 308981.92
384 254475.87
385 278315.74
386 205805.32
387 269654.57
388 274553.07
389 258184.79
390 269084.89
391 284398.96
392 279843.00
393 218180.99
394 88876.98
395 280511.73
396 290091.04
397 161649.68
398 209129.63
399 289661.51
400 213465.98
401 270345.59
402 221987.05
403 281840.55
404 304431.30
405 214004.53
406 224973.12
407 204724.02
408 265931.87
409 299543.45
410 259209.17
411 210286.15
412 277934.80
413 254999.45
414 290026.46
415 280728.98
416 170659.64
417 275732.45
418 277931.87
419 245689.23
420 242738.16
421 306490.52
422 267667.56
423 234718.97
424 240865.27
425 299586.44
426 235948.63
427 300889.40
428 86844.23
429 293327.50
430 265824.88
431 229337.66
432 228515.05
433 306439.97
434 210298.89
435 252795.34
436 309258.22
437 254817.36
438 267108.02
439 189699.48
440 226148.76
441 196042.57
442 278608.78
443 71168.38
444 217701.55
445 133109.36
446 264709.26
447 279125.72
448 228680.55
449 214391.55
450 277268.50
451 255266.88
452 263314.08
453 269852.70
454 282643.73
455 298948.84
456 279942.81
457 233218.89
458 292308.14
459 223614.34
460 234822.13
461 258671.59
462 276416.91
463 261673.22
464 290326.18
465 291175.45
466 181170.28
467 202524.06
468 270850.53
469 239724.20
470 126903.50
471 152842.87
472 245527.83
473 284178.41
474 245338.48
475 307885.12
476 281553.80
477 237829.53
478 286955.19
479 285319.58
480 280724.79
481 261167.58
482 191022.66
483 296519.73
484 297385.99
485 225525.50
486 290316.77
487 281657.12
488 244210.25
489 245724.13
490 253435.63
491 135958.64
492 278158.38
493 276065.87
494 266843.06
495 224177.01
496 276599.03
497 285458.62
498 145285.86
499 194171.88
500 265741.71
501 91688.50
502 259485.37
503 249473.66
504 285758.51
505 301085.99
506 281639.42
507 260239.39
508 270056.69
509 262528.61
510 265321.75
511 274849.19
512 288712.40
513 252053.60
514 210929.17
515 210063.21
516 294244.68
517 230426.47
518 247716.56
519 262647.90
520 301045.57
521 250154.06
522 232757.55
523 283176.69
524 55474.78
525 267623.72
526 246570.27
527 289990.29
528 269265.30
529 278024.94
530 187972.56
531 278541.46
532 276926.19
533 252013.88
534 260983.80
535 259001.50
536 274819.28
537 288435.54
538 156384.80
539 245611.69
540 221002.27
541 291511.49
542 268739.98
543 198655.90
544 203067.76
545 85756.43
546 285452.17
547 280126.89
548 280521.36
549 241400.92
550 262863.41
551 189043.24
552 256659.23
553 297700.99
554 225139.69
555 254584.05
556 42134.60
557 240704.55
558 267833.50
559 230336.74
560 292012.68
561 253030.06
562 278134.13
563 174644.50
564 294195.63
565 237142.45
566 293437.44
567 274249.70
568 233125.48
569 220501.92
570 226882.72
571 183304.46
572 278631.82
573 280733.05
574 263148.62
575 229829.96
576 276511.78
577 202835.48
578 277264.38
579 210426.88
580 225452.87
581 260834.67
582 224234.64
583 256958.50
584 247399.88
585 243275.08
586 270078.38
587 262828.46
588 143853.56
589 267710.95
590 163768.44
591 293646.62
592 268816.32
593 259704.82
594 255447.02
595 271217.80
596 289830.99
597 280298.48
598 285401.61
599 252309.02
600 213949.86
601 241339.20
602 205254.32
603 295291.08
604 249266.43
605 172506.39
606 248067.13
607 277377.64
608 232902.75
609 248939.84
610 248168.23
611 276794.56
612 275238.28
613 291517.07
614 274342.50
615 235164.21
616 180266.34
617 259123.01
618 249329.67
619 235442.18
620 190575.82
621 250414.31
622 278370.85
623 105573.42
624 262089.13
625 233656.15
626 210600.80
627 202698.73
628 261293.50
629 186889.14
630 253231.77
631 268406.78
632 234105.63
633 224886.65
634 247435.93
635 286913.69
636 258774.35
637 277036.75
638 230742.62
639 193226.15
640 285340.89
641 281035.65
642 250365.25
643 280753.14
644 110680.10
645 265258.25
646 259295.52
647 281016.19
648 225302.01
649 277990.46
650 277187.19
651 236129.72
652 246227.03
653 285124.60
654 245981.32
655 149769.00
656 291578.20
657 267100.75
658 266294.74
659 276534.87
660 277492.78
661 261843.13
662 271663.60
663 275280.98
664 254994.21
665 244232.02
666 294359.65
667 251884.79
668 219543.12
669 275789.18
670 278127.01
671 246854.43
672 297951.99
673 293829.13
674 266906.68
675 274767.14
676 229280.83
677 182451.53
678 291845.74
679 245176.00
680 235971.86
681 185509.46
682 273030.87
683 262188.85
684 277962.24
685 258226.44
686 249357.91
687 228469.71
688 45007.46
689 270094.68
690 303481.76
691 272810.09
692 279743.44
693 278614.99
694 284728.37
695 266160.34
696 258190.94
697 148882.29
698 161924.38
699 246966.78
700 264698.99
701 206434.31
702 264114.33
703 275538.02
704 271188.09
705 224929.93
706 256731.41
707 187065.04
708 261057.99
709 239361.65
710 133225.00
711 257875.82
712 264022.04
713 295918.98
714 266671.10
715 251440.22
716 309831.59
717 194012.28
718 283103.29
719 308562.18
720 236990.27
721 271514.77
722 285796.47
723 243157.38
724 291887.93
725 194390.56
726 304002.06
727 303715.73
728 280380.33
729 281202.82
730 270591.28
731 284535.83
732 296072.12
733 171548.76
734 219882.01
735 262021.30
736 268205.08
737 213390.04
738 218242.10
739 290869.99
740 198818.44
741 244530.26
742 272651.44
743 318207.59
744 267184.71
745 295264.53
746 284919.21
747 291742.60
748 282263.34
749 300997.84
750 235828.10
751 226347.97
752 285678.68
753 272631.29
754 219404.38
755 261008.84
756 305507.41
757 287374.06
758 218396.10
759 293383.16
760 287955.52
761 245018.60
762 256986.87
763 174592.36
764 213107.43
765 254975.19
766 280991.72
767 300397.49
768 292041.55
769 287258.84
770 246037.90
771 257694.23
772 300393.17
773 274207.54
774 260728.81
775 294182.99
776 258562.03
777 194238.98
778 277756.88
779 304323.74
780 273598.57
781 247069.12
782 286741.46
783 252482.40
784 291129.91
785 273620.59
786 284900.22
787 241198.17
788 264282.23
789 291917.80
790 257753.27
791 258496.50
792 253949.21
793 289156.09
794 284728.33
795 311155.95
796 274052.78
797 293908.63
798 303029.74
799 216978.74
800 261740.60
801 290701.38
802 288541.09
803 274503.71
804 152966.32
805 247681.15
806 194412.94
807 284120.32
808 192043.43
809 264063.56
810 286609.52
811 168066.46
812 286324.93
813 215272.39
814 242415.08
815 280962.92
816 270405.91
817 252804.39
818 307297.35
819 289627.08
820 279908.20
821 261500.73
822 288785.38
823 263004.15
824 245208.23
825 171486.06
826 243058.72
827 258578.08
828 183669.20
829 232853.12
830 278741.14
831 228064.36
832 266606.46
833 232210.84
834 275356.69
835 276804.09
836 207013.42
837 273885.52
838 173693.44
839 250189.08
840 279830.92
841 288814.51
842 251291.34
843 258368.24
844 258933.15
845 300976.97
846 55233.80
847 250737.10
848 253078.12
849 290475.15
850 241679.38
851 272183.07
852 280097.11
853 277806.58
854 264086.88
855 297791.46
856 306683.62
857 277932.70
858 313641.08
859 227147.77
860 244270.17
861 151206.96
862 283508.31
863 285613.76
864 276678.04
865 239628.60
866 295193.44
867 103854.20
868 177942.34
869 275115.50
870 286132.76
871 224741.28
872 279093.91
873 268253.40
874 133264.78
875 222444.55
876 262517.20
877 190534.46
878 213920.83
879 237805.25
880 280691.20
881 169791.36
882 118611.36
883 249849.43
884 279007.11
885 235216.80
886 288433.97
887 174574.05
888 175275.25
889 238671.51
890 228781.51
891 279976.12
892 298700.37
893 278247.15
894 277956.13
895 7344.08
896 185557.71
897 279702.34
898 287345.04
899 286668.82
900 289983.37
901 237339.04
902 198694.95
903 199672.82
904 267458.66
905 269176.08
906 281306.67
907 204606.06
908 219723.43
909 205848.02
910 281628.69
911 307153.41
912 225875.47
913 251702.06
914 238342.79
915 169110.22
916 286163.80
917 270148.43
918 280975.56
919 248397.72
920 278269.97
921 235859.26
922 198176.24
923 293366.58
924 279396.55
925 292539.57
926 287552.10
927 278002.65
928 272190.54
929 254854.71
930 293812.61
931 200215.18
932 234823.00
933 287184.15
934 230675.80
935 159801.18
936 251188.98
937 306692.84
938 217441.73
939 278465.01
940 270333.53
941 232001.21
942 284240.28
943 273584.51
944 279770.85
945 228889.39
946 223837.07
947 234791.79
948 296895.01
949 187835.62
950 249935.30
951 212067.70
952 238172.77
953 255245.81
954 283087.08
955 262737.13
956 251956.97
957 248416.31
958 179486.82
959 188234.11
960 287403.77
961 240143.11
962 198230.44
963 160660.76
964 240389.89
965 253780.67
966 305677.68
967 223480.48
968 256758.70
969 289119.24
970 215347.36
971 309239.68
972 274124.09
973 290481.36
974 249843.69
975 287302.05
976 303187.36
977 293270.57
978 276918.14
979 264335.25
980 247273.63
981 262439.70
982 277190.36
983 222697.58
984 222344.83
985 276187.47
986 295010.84
987 209646.76
988 266066.13
989 289741.51
990 268083.86
991 288777.65
992 261458.96
993 187334.05
994 276675.86
995 300599.78
996 208269.49
997 254767.83
998 307633.23
999 299002.37
1000 281938.94
1001 260745.62
1002 280978.24
1003 58140.72
1004 306394.02
1005 253704.68
