146885743
24715399
11575148
56171617
77078173
194890394
126837103
137590216
85601307
23950987
87646597
17714121
140507111
36966018
64598053
79686213
7036476
58510655
198147765
3272952
95152570
66329062
92631278
35605402
381346272
25767812
48353927
49290908
70236223
59306845
20223114
27394840
18732999
15706951
56810582
30502158
5641682
2704194
212900396
46141165
87511702
21582540
345118
46778560
88432099
16089510
144490020
16849688
7703664
15396027
84159109
122520970
17685754
11281182
47356970
21467955
85252821
219840967
3343639
12341740
101301768
8667256
29585424
19200068
93485147
86730306
16310055
20585275
116248849
98580715
39403686
176338870
36853350
15533880
19055444
97618162
7980541
62083987
181136628
85383996
12170334
21029414
92844639
1956946
21269713
10887160
43615087
64941270
8566224
20340375
25464820
37520299
44572100
14528736
108410709
11134938
13199665
22342098
1427705
33373575
0
0
6
6
0
6
