Case 1
...
...
.F.
Case 2
..
Case 3
AB
BA
Case 4
.............................
.............................
.............................
.............................
.............................
.............................
.............................
.............................
.............................
.............................
.............................
.............................
.............................
.............................
.............................
.............................
.............................
.............................
...........................FY
.........GJ..................
.........YK.N......S.......G.
M..XK.....BVU......LD..C...OZ
Case 5
SG.........CUDFTXY..A..LV.
Case 6
.......H..
..........
..........
..........
..........
..........
..........
..........
..........
..........
..........
..........
..........
..........
..........
..........
..........
..........
.........O
.........I
..........
..........
..........
..........
..........
..........
..........
..........
A....V...K
Case 7
..................
..................
..................
..................
..................
..................
..................
..................
..................
..................
..................
..................
..................
..................
..................
..................
..................
..................
..................
..................
..................
..................
..................
..................
..................
..................
..................
S.........K.......
Case 8
....................
....................
....................
....................
....................
....................
....................
....................
....................
....................
....................
....................
....................
....................
....................
...................V
...................P
Z........AM.......N.
Case 9
.....T........
..............
..............
..............
..............
..............
..............
..............
..............
..............
..............
..............
..............
..............
..............
......M.....UO
Z............V
Case 10
..........................M...
..............................
..............................
..............................
..............................
..............................
..............................
..............................
..............................
..............................
..............................
..............................
..............................
..............................
.............................C
..............................
.......................G.....P
......HA....................FR
.......RN.....................
..L...TOB................S.J..
Case 11
..............................
..............................
..............................
..............................
..............................
..............................
..............................
..............................
..............................
..............................
..............................
..............................
..............................
..............................
..............................
..............................
..............................
..............................
..............................
W.............................
..............................
..............................
.............................D
A...........................CS
...........................EVJ
Case 12
...........................
...........................
...........................
...........................
...........................
...........................
...........................
...........................
...........................
...........................
...........................
...........................
...........................
...........................
...........................
...........................
...........................
...........................
...........................
...........................
...........................
...........................
...........................
...........................
...........................
...........................
....................W.....T
....................GK....V
...................NZ.A...P
....MI........J...D...U....
Case 13
.......................
.......................
.......................
.......................
.......................
.......................
.......................
.......................
.......................
Z......................
.......................
....CM................E
Case 14
........................
........................
........................
........................
........................
........................
........................
........................
........................
........................
........................
........................
........................
........................
........................
........................
........................
.......................S
......................G.
....A................C..
Case 15
N
.
.
.
.
.
.
.
.
.
.
.
.
.
.
.
.
.
.
.
.
.
A
.
M
.
.
Case 16
..JIS............
.................
.................
.................
.................
.................
.................
.................
.................
.................
.................
.................
.................
.................
.................
X................
.................
...............B.
R..............P.
.................
U...............A
.........C.L..DWM
Case 17
....
....
....
....
....
....
....
....
....
....
....
....
....
....
....
....
....
...F
....
Z...
V...
P.YT
Case 18
................
................
................
................
................
................
................
................
................
................
...............Y
................
.........SW....H
.EJ.........DTVQ
Case 19
...............
...............
...............
...............
...............
....IR.......CV
Case 20
.......................
.......................
.......................
.......................
.......................
.......................
.......................
.......................
.......................
.......................
Case 21
......U....Y........
....................
....................
....................
....................
....................
....................
....................
....................
....................
....................
...................J
....................
....................
....................
....................
...KD.........G.....
Case 22
.......
.......
......C
X......
....HO.
B....V.
.......
.......
.......
.......
.......
.......
.......
.......
.......
.......
.......
J......
.......
.......
.......
.......
.......
.......
......R
....TDB
.......
.......
..K.ZCN
Case 23
..............M..H.
.................C.
.................J.
...................
...................
...................
...................
...................
...............BO..
...................
D...........W.....N
Case 24
.......................
.......................
.......................
.......................
.......................
.......................
.......................
.......................
.......................
.......................
.......................
.......................
.......................
......................B
..................EUO..
..............AC..PNTF.
Case 25
.................S...
.....................
.....................
.....................
.....................
.....................
.....................
.....................
.....................
.....................
.....................
.....................
.....................
.....................
.....................
.....................
.....................
.....................
.....................
.....................
.....................
.....................
.....................
.....................
.....................
.....................
.....................
.....................
.....................
Case 26
.
.
.
.
.
.
.
.
.
.
.
.
.
I
O
.
Case 27
.........................
.........................
.........................
.........................
.........................
.........................
.........................
....................TS...
K...................A..W.
.........M...............
Case 28
........
........
........
........
..B.....
..F....R
.......Y
........
......JP
Case 29
..................J
...................
...................
...................
...................
...................
...................
...................
...................
...................
...................
...................
...................
...................
...................
...................
..CSZXP......Y.OB..
Case 30
......
......
......
......
......
......
......
......
......
......
......
......
......
......
......
......
......
......
......
......
......
......
......
......
......
....AY
K...MX
.....Z
