Forest 1
Cut these trees: 2 4
Extra wood: 37.60

Forest 2
Cut these trees: 1 2 4
Extra wood: 45.97

Forest 3
Cut these trees: 4 9 11
Extra wood: 3.66

Forest 4
Cut these trees: 1 2 4 12
Extra wood: 6.82

Forest 5
Cut these trees: 2 3 4
Extra wood: 3.67

Forest 6
Cut these trees: 3 6 10 11
Extra wood: 6.77

Forest 7
Cut these trees: 1 3
Extra wood: 61.00

Forest 8
Cut these trees: 1 2
Extra wood: 43.00

Forest 9
Cut these trees: 1 3 4
Extra wood: 30.93

Forest 10
Cut these trees: 1 2 5
Extra wood: 24.50

Forest 11
Cut these trees: 1 3 7 8 10
Extra wood: 5.99

Forest 12
Cut these trees: 9 10 12
Extra wood: 9.48

Forest 13
Cut these trees: 1 2
Extra wood: 79.00

Forest 14
Cut these trees: 1 3
Extra wood: 5.65

Forest 15
Cut these trees: 3 4
Extra wood: 24.18

Forest 16
Cut these trees: 3 4
Extra wood: 73.20

Forest 17
Cut these trees: 2 3 8 9
Extra wood: 9.01

Forest 18
Cut these trees: 3 5 6
Extra wood: 50.92

Forest 19
Cut these trees: 1 3
Extra wood: 152.00

Forest 20
Cut these trees: 2 3
Extra wood: 28.00

Forest 21
Cut these trees: 2 4
Extra wood: 0.15

Forest 22
Cut these trees: 1 4 7 10 13
Extra wood: 16.26

Forest 23
Cut these trees: 2 4
Extra wood: 34.71

Forest 24
Cut these trees: 4 6 8 9
Extra wood: 8.08

Forest 25
Cut these trees: 3 6 7
Extra wood: 2.41

Forest 26
Cut these trees: 4 5 6
Extra wood: 13.34

Forest 27
Cut these trees: 1 2 4 6 9
Extra wood: 3.17

Forest 28
Cut these trees: 1 2
Extra wood: 58.88

Forest 29
Cut these trees: 2 3 4 6 9
Extra wood: 8.26

Forest 30
Cut these trees: 2
Extra wood: 85.00

Forest 31
Cut these trees: 3 4 5 7
Extra wood: 19.04

Forest 32
Cut these trees: 1 2 7 13
Extra wood: 16.76

Forest 33
Cut these trees: 2 3 6
Extra wood: 52.33

Forest 34
Cut these trees: 6 7 8
Extra wood: 6.58

Forest 35
Cut these trees: 3 4
Extra wood: 36.53

Forest 36
Cut these trees: 1 4 8 10
Extra wood: 10.79

Forest 37
Cut these trees: 2 3 9
Extra wood: 26.15

Forest 38
Cut these trees: 3
Extra wood: 43.28

Forest 39
Cut these trees: 1 5
Extra wood: 51.79

Forest 40
Cut these trees: 1 6 7 9 10
Extra wood: 0.68

Forest 41
Cut these trees: 5 6 8 11
Extra wood: 9.03

Forest 42
Cut these trees: 1 3 9 13
Extra wood: 0.15

Forest 43
Cut these trees: 3 4 6 12
Extra wood: 15.53

Forest 44
Cut these trees: 1 6 9 11
Extra wood: 31.07

Forest 45
Cut these trees: 2 12 13 14
Extra wood: 16.91

Forest 46
Cut these trees: 2
Extra wood: 75.00

Forest 47
Cut these trees: 3 5 7 8 9 11
Extra wood: 5.71

Forest 48
Cut these trees: 2 3 4
Extra wood: 20.75

Forest 49
Cut these trees: 2 3
Extra wood: 46.14

Forest 50
Cut these trees: 1 4
Extra wood: 18.51
